---------------------------------------------------------------
Solución greedy con coste 13538
Tamaño del vector: 22
10 21 17 19 13 11 2 14 22 6 9 18 20 5 3 1 12 16 7 15 8 4 
Tiempo Pasado: 0.034
---------------------------------------------------------------
Solución búsqueda local con coste 7030
Tamaño del vector: 22
7 3 9 17 11 10 1 19 22 13 14 18 6 2 16 4 20 21 15 8 5 12 
Tiempo Pasado: 4.005
---------------------------------------------------------------
Solución greedy con coste 11942
Tamaño del vector: 22
22 19 18 11 16 21 13 20 6 3 8 9 1 10 7 12 4 2 15 14 17 5 
Tiempo Pasado: 0.08
---------------------------------------------------------------
Solución búsqueda local con coste 7108
Tamaño del vector: 22
2 22 1 15 10 8 21 20 6 13 14 3 19 4 11 17 5 9 12 7 16 18 
Tiempo Pasado: 2.971
---------------------------------------------------------------
Solución greedy con coste 17556
Tamaño del vector: 25
1 25 4 9 19 8 17 21 22 10 12 23 3 11 18 7 15 2 16 24 13 6 14 20 5 
Tiempo Pasado: 0.058
---------------------------------------------------------------
Solución búsqueda local con coste 5338
Tamaño del vector: 25
11 9 24 7 20 25 15 2 16 10 5 6 22 1 18 19 3 4 13 23 17 12 14 21 8 
Tiempo Pasado: 5.146
---------------------------------------------------------------
Solución greedy con coste 142
Tamaño del vector: 128
32 33 34 35 16 36 37 38 39 40 41 42 43 26 44 27 45 46 47 48 49 50 51 52 53 54 55 28 56 57 17 58 18 59 19 11 60 61 62 21 63 22 14 64 65 66 12 23 67 68 24 69 13 70 71 72 73 74 75 76 77 29 78 30 79 3 80 81 4 82 5 83 6 84 7 85 8 86 9 1 25 87 88 89 90 91 2 15 92 93 94 95 96 10 97 98 99 100 101 102 103 104 105 106 107 108 109 110 111 112 31 113 20 114 115 116 117 118 119 120 121 122 123 124 125 126 127 128 
Tiempo Pasado: 0.457
---------------------------------------------------------------
Solución búsqueda local con coste 80
Tamaño del vector: 128
75 116 101 68 104 3 42 88 128 117 96 103 61 35 55 99 32 9 44 65 105 125 95 126 79 39 16 112 34 46 94 73 89 83 93 90 80 60 63 56 107 54 24 45 97 82 8 7 36 51 5 118 6 115 41 76 109 127 59 15 53 87 122 85 33 19 113 81 21 11 27 69 23 121 25 43 17 47 18 20 86 52 78 123 124 50 70 38 91 71 37 31 10 22 77 57 48 100 49 108 72 14 119 28 1 12 67 114 92 111 98 84 102 13 4 2 110 66 106 74 30 29 40 62 58 120 64 26 
Tiempo Pasado: 217.583
---------------------------------------------------------------
Solución greedy con coste 7622
Tamaño del vector: 20
13 17 11 6 10 2 7 12 1 19 16 5 15 4 14 20 3 9 18 8 
Tiempo Pasado: 0.059
---------------------------------------------------------------
Solución búsqueda local con coste 7068
Tamaño del vector: 20
3 2 14 5 12 10 19 1 13 11 7 17 20 4 18 16 15 8 6 9 
Tiempo Pasado: 3.532
---------------------------------------------------------------
Solución greedy con coste 3232061
Tamaño del vector: 60
51 52 12 59 50 32 58 8 9 30 11 26 21 44 60 13 15 18 19 22 16 39 34 53 7 56 27 4 37 17 31 40 24 38 23 54 45 28 55 6 41 35 43 14 46 5 49 48 2 29 10 47 57 1 20 3 33 25 36 42 
Tiempo Pasado: 0.293
---------------------------------------------------------------
Solución búsqueda local con coste 3040992
Tamaño del vector: 60
43 21 54 57 2 42 26 16 32 20 50 56 30 19 14 45 11 9 8 33 48 34 59 53 49 15 55 4 22 7 10 39 38 58 60 46 5 47 29 27 35 40 36 6 25 52 18 13 51 28 24 1 17 44 41 12 31 3 37 23 
Tiempo Pasado: 42.668
---------------------------------------------------------------
Solución greedy con coste 10047868
Tamaño del vector: 80
57 13 69 20 16 4 76 32 49 62 42 61 40 14 15 31 2 18 19 47 21 80 9 17 43 75 24 79 37 78 36 64 67 54 77 5 68 38 39 27 34 8 50 6 25 22 41 46 28 58 1 35 71 44 74 65 26 3 45 60 12 59 23 70 56 30 29 33 55 73 72 10 11 66 7 48 52 53 63 51 
Tiempo Pasado: 0.482
---------------------------------------------------------------
Solución búsqueda local con coste 9456629
Tamaño del vector: 80
2 47 61 70 25 54 60 38 8 40 77 4 37 20 22 36 62 57 30 13 1 24 75 56 49 6 68 42 39 14 19 28 15 78 34 74 58 80 17 46 41 79 72 45 35 67 33 27 71 16 10 9 32 65 7 73 76 59 51 63 55 64 52 31 50 21 48 69 3 5 11 29 12 66 26 43 23 44 18 53 
Tiempo Pasado: 92.676
---------------------------------------------------------------
Solución greedy con coste 6152
Tamaño del vector: 28
4 21 13 7 28 17 11 12 5 10 9 20 16 14 22 24 1 19 6 27 23 18 25 3 26 8 2 15 
Tiempo Pasado: 0.04
---------------------------------------------------------------
Solución búsqueda local con coste 5396
Tamaño del vector: 28
24 7 2 1 14 28 17 10 19 18 15 27 21 5 22 11 23 9 3 12 6 16 8 26 20 25 4 13 
Tiempo Pasado: 3.344
---------------------------------------------------------------
Solución greedy con coste 105828
Tamaño del vector: 81
8 60 61 22 69 35 54 40 47 50 52 77 26 5 27 78 3 80 25 31 11 41 17 20 12 72 34 64 2 45 73 62 59 6 56 43 9 36 18 1 75 58 51 7 48 55 38 44 70 37 13 19 46 23 76 79 15 24 49 21 32 68 39 66 4 10 33 14 63 42 65 74 67 30 81 29 28 71 16 57 53 
Tiempo Pasado: 0.491
---------------------------------------------------------------
Solución búsqueda local con coste 93562
Tamaño del vector: 81
22 52 57 68 56 66 64 76 53 72 45 27 62 13 48 46 29 55 8 78 7 16 31 17 9 28 36 43 1 70 44 5 6 11 2 71 15 35 58 24 59 21 14 81 77 32 75 73 49 37 63 69 10 47 39 42 18 20 51 12 34 60 40 23 79 19 41 33 26 65 54 67 74 61 38 4 3 50 25 30 80 
Tiempo Pasado: 117.796
---------------------------------------------------------------
Solución greedy con coste 131450
Tamaño del vector: 90
5 34 24 64 52 70 21 72 69 22 67 58 55 40 35 78 84 77 23 87 27 39 43 7 57 83 60 62 46 76 79 49 38 89 28 63 51 17 54 74 41 16 81 37 6 3 68 88 71 75 9 61 12 4 36 90 15 13 73 48 82 59 65 66 85 14 44 29 30 42 8 53 1 47 80 32 56 19 18 20 86 25 2 26 10 33 45 31 50 11 
Tiempo Pasado: 0.54
---------------------------------------------------------------
Solución búsqueda local con coste 118092
Tamaño del vector: 90
86 48 59 50 38 52 72 87 24 8 75 88 45 56 32 84 46 85 55 18 27 26 3 9 73 90 89 4 39 30 41 49 51 28 14 60 1 83 62 31 70 54 36 43 66 68 65 47 23 22 19 13 15 7 78 6 37 10 81 34 69 74 16 80 63 12 33 20 35 71 76 61 29 57 17 40 21 2 25 67 79 58 77 44 82 11 53 64 42 5 
Tiempo Pasado: 166.35
---------------------------------------------------------------
Solución greedy con coste 170472
Tamaño del vector: 100
57 82 39 10 43 65 42 31 94 80 90 48 1 12 53 76 29 3 98 78 32 45 30 54 49 11 69 15 59 21 16 34 87 70 4 25 91 66 40 55 61 18 23 37 38 9 74 26 36 2 27 44 41 14 83 71 84 95 5 64 6 81 89 46 68 8 99 51 56 19 100 60 79 93 35 88 47 22 85 92 97 75 52 67 24 13 86 62 73 17 63 33 50 7 77 20 72 96 58 28 
Tiempo Pasado: 0.349
---------------------------------------------------------------
Solución búsqueda local con coste 151758
Tamaño del vector: 100
78 98 22 1 67 39 64 82 72 63 75 70 27 44 26 85 66 36 12 96 94 17 88 34 6 95 38 91 56 81 55 53 46 93 60 9 71 84 89 87 61 47 48 30 83 77 68 18 76 99 16 62 41 45 69 74 29 5 51 92 73 4 37 11 35 7 79 100 13 20 31 15 24 14 8 25 43 49 23 80 86 90 59 40 50 52 2 54 3 97 32 21 42 19 10 58 57 65 28 33 
Tiempo Pasado: 236.56
---------------------------------------------------------------
Solución greedy con coste 621314634
Tamaño del vector: 150
111 12 24 58 107 147 141 36 52 116 51 150 28 133 78 65 9 109 14 74 60 87 143 80 114 88 123 64 38 68 146 94 26 97 69 122 101 4 92 42 132 103 63 148 130 5 119 62 22 138 131 121 136 44 70 18 79 142 112 76 29 120 32 46 91 16 8 129 82 19 49 40 95 56 13 71 99 25 127 134 53 17 20 83 135 102 144 57 105 54 125 31 100 37 41 61 110 81 73 23 1 35 15 113 2 50 84 33 115 145 39 90 11 117 98 118 30 137 72 104 149 66 27 85 124 106 21 108 75 55 128 67 10 140 6 96 126 139 89 43 45 59 86 48 7 47 3 34 77 93 
Tiempo Pasado: 0.643
---------------------------------------------------------------
Solución búsqueda local con coste 520331950
Tamaño del vector: 150
25 28 31 87 79 135 145 65 38 96 147 63 50 133 105 30 57 27 102 131 33 12 10 8 150 58 110 108 59 132 36 19 47 54 55 61 125 109 69 24 60 103 80 46 126 124 1 136 35 68 146 6 104 142 41 88 130 116 112 3 118 11 42 140 85 71 137 56 149 86 23 17 95 122 100 43 20 115 148 53 143 121 34 94 89 101 107 52 44 51 123 82 64 138 76 49 144 29 119 37 73 78 22 128 114 16 141 72 92 90 13 66 5 40 77 39 32 74 134 127 67 62 2 18 26 113 98 117 120 139 14 21 70 75 15 111 84 81 4 91 93 83 48 97 7 129 106 9 99 45 
Tiempo Pasado: 815.725
---------------------------------------------------------------
Solución greedy con coste 0
Tamaño del vector: 0

Tiempo Pasado: 0.004
---------------------------------------------------------------
Solución búsqueda local con coste 0
Tamaño del vector: 0

Tiempo Pasado: 0.094
---------------------------------------------------------------
Solución greedy con coste 312934
Tamaño del vector: 40
3 31 5 11 20 24 34 7 36 35 10 32 33 14 29 40 9 8 16 6 30 15 12 26 25 23 28 1 22 27 39 17 19 38 37 2 13 21 4 18 
Tiempo Pasado: 0.173
---------------------------------------------------------------
Solución búsqueda local con coste 256136
Tamaño del vector: 40
3 36 35 4 8 25 12 9 34 29 27 22 32 30 11 19 17 26 15 16 13 23 6 21 31 10 20 33 28 24 1 7 38 5 39 18 37 2 14 40 
Tiempo Pasado: 20.153
---------------------------------------------------------------
Solución greedy con coste 9527466
Tamaño del vector: 150
9 136 99 119 41 93 74 22 100 45 96 29 62 137 102 112 65 69 118 43 148 14 130 13 46 101 25 72 60 7 18 36 79 54 3 94 88 123 89 143 59 56 86 115 21 47 33 92 37 39 30 1 138 103 141 95 126 51 107 149 75 135 31 134 146 80 28 66 48 132 35 144 110 116 120 81 12 109 42 121 90 114 131 150 40 55 11 97 105 26 34 4 82 44 145 8 76 61 63 19 117 108 91 24 127 77 6 27 87 111 122 140 139 58 104 49 52 50 83 124 98 106 10 113 67 32 125 16 68 133 129 53 70 23 142 85 15 17 64 147 57 2 71 78 84 128 38 20 5 73 
Tiempo Pasado: 0.845
---------------------------------------------------------------
Solución búsqueda local con coste 8352282
Tamaño del vector: 150
73 20 2 81 77 18 56 83 148 125 7 135 54 106 60 107 128 38 92 13 52 134 132 80 111 90 46 12 3 17 96 147 87 117 139 103 42 89 44 108 145 50 27 45 34 93 120 95 39 57 49 58 94 138 78 122 1 8 129 127 109 69 123 53 55 32 101 76 66 91 63 28 70 114 25 82 71 35 48 59 19 100 61 150 140 16 131 4 43 74 64 86 22 144 126 40 47 119 130 146 14 79 113 5 99 6 51 133 116 36 11 88 31 143 115 118 41 121 26 85 98 142 37 112 29 141 84 67 30 110 68 149 24 65 9 62 137 21 15 105 23 33 97 104 75 124 72 10 136 102 
Tiempo Pasado: 832.893
---------------------------------------------------------------
Solución greedy con coste 54670
Tamaño del vector: 50
46 2 18 42 17 31 29 9 14 1 22 12 8 28 4 10 38 6 50 20 33 5 11 44 32 41 49 24 19 48 7 35 16 3 39 43 45 47 23 25 26 34 40 21 36 37 30 15 13 27 
Tiempo Pasado: 0.091
---------------------------------------------------------------
Solución búsqueda local con coste 49212
Tamaño del vector: 50
22 35 40 30 48 5 31 17 20 27 46 44 6 42 38 3 11 37 19 33 1 10 16 32 41 24 47 4 8 12 14 29 28 21 23 45 39 36 43 34 26 13 50 2 25 49 15 18 9 7 
Tiempo Pasado: 27.299
---------------------------------------------------------------
Solución greedy con coste 293152
Tamaño del vector: 100
33 1 94 85 25 68 100 9 57 15 48 64 42 82 19 86 46 97 65 87 30 71 58 11 39 99 59 91 4 21 6 74 18 56 5 96 79 52 36 14 24 49 22 69 45 61 93 12 95 7 16 51 53 44 47 90 13 75 23 55 78 20 98 26 38 54 27 17 70 60 28 8 3 76 83 37 73 41 31 89 63 88 81 67 80 2 77 43 40 62 50 29 10 35 72 34 84 66 32 92 
Tiempo Pasado: 0.924
---------------------------------------------------------------
Solución búsqueda local con coste 277348
Tamaño del vector: 100
87 28 46 94 42 97 41 16 30 1 29 66 98 26 20 73 44 91 6 15 63 14 37 93 45 18 54 80 34 84 31 56 43 13 53 96 99 22 95 85 49 65 10 61 76 38 59 51 68 100 92 11 24 90 69 82 47 70 89 81 32 8 39 27 5 3 19 2 21 74 64 83 86 23 79 36 12 4 17 9 55 7 58 75 72 40 25 71 35 60 33 78 77 52 50 67 88 48 62 57 
Tiempo Pasado: 280.336
